<?xml version="1.0" encoding="UTF-8"?>
<testsuite xmlns:xsi="http://www.w3.org/2001/XMLSchema-instance" xsi:noNamespaceSchemaLocation="https://maven.apache.org/surefire/maven-surefire-plugin/xsd/surefire-test-report.xsd" name="rockets.model.GunrunnerUnitTest" time="0.151" tests="4" errors="0" skipped="0" failures="0">
  <properties>
    <property name="sun.desktop" value="windows"/>
    <property name="awt.toolkit" value="sun.awt.windows.WToolkit"/>
    <property name="file.encoding.pkg" value="sun.io"/>
    <property name="java.specification.version" value="1.8"/>
    <property name="sun.cpu.isalist" value="amd64"/>
    <property name="sun.jnu.encoding" value="Cp1252"/>
    <property name="java.class.path" value="D:\2019 S1\FIT5171\maven project\assignment1\target\test-classes;D:\2019 S1\FIT5171\maven project\assignment1\target\classes;D:\software\maven\my_maven_local_repository\org\junit\jupiter\junit-jupiter-engine\5.3.2\junit-jupiter-engine-5.3.2.jar;D:\software\maven\my_maven_local_repository\org\apiguardian\apiguardian-api\1.0.0\apiguardian-api-1.0.0.jar;D:\software\maven\my_maven_local_repository\org\junit\platform\junit-platform-engine\1.3.2\junit-platform-engine-1.3.2.jar;D:\software\maven\my_maven_local_repository\org\junit\platform\junit-platform-commons\1.3.2\junit-platform-commons-1.3.2.jar;D:\software\maven\my_maven_local_repository\org\opentest4j\opentest4j\1.1.1\opentest4j-1.1.1.jar;D:\software\maven\my_maven_local_repository\org\junit\jupiter\junit-jupiter-api\5.3.2\junit-jupiter-api-5.3.2.jar;D:\software\maven\my_maven_local_repository\org\junit\jupiter\junit-jupiter-params\5.3.2\junit-jupiter-params-5.3.2.jar;D:\software\maven\my_maven_local_repository\com\google\guava\guava\24.0-jre\guava-24.0-jre.jar;D:\software\maven\my_maven_local_repository\com\google\code\findbugs\jsr305\1.3.9\jsr305-1.3.9.jar;D:\software\maven\my_maven_local_repository\org\checkerframework\checker-compat-qual\2.0.0\checker-compat-qual-2.0.0.jar;D:\software\maven\my_maven_local_repository\com\google\errorprone\error_prone_annotations\2.1.3\error_prone_annotations-2.1.3.jar;D:\software\maven\my_maven_local_repository\com\google\j2objc\j2objc-annotations\1.1\j2objc-annotations-1.1.jar;D:\software\maven\my_maven_local_repository\org\codehaus\mojo\animal-sniffer-annotations\1.14\animal-sniffer-annotations-1.14.jar;D:\software\maven\my_maven_local_repository\org\apache\commons\commons-lang3\3.7\commons-lang3-3.7.jar;D:\software\maven\my_maven_local_repository\org\apache\commons\commons-csv\1.5\commons-csv-1.5.jar;"/>
    <property name="java.vm.vendor" value="Oracle Corporation"/>
    <property name="sun.arch.data.model" value="64"/>
    <property name="user.variant" value=""/>
    <property name="java.vendor.url" value="http://java.oracle.com/"/>
    <property name="user.timezone" value="Asia/Magadan"/>
    <property name="java.vm.specification.version" value="1.8"/>
    <property name="os.name" value="Windows 10"/>
    <property name="user.country" value="AU"/>
    <property name="sun.java.launcher" value="SUN_STANDARD"/>
    <property name="sun.boot.library.path" value="C:\Program Files\Java\jdk1.8.0_201\jre\bin"/>
    <property name="sun.java.command" value="C:\Users\amaya\AppData\Local\Temp\surefire1487713822088516263\surefirebooter8123078868922429208.jar C:\Users\amaya\AppData\Local\Temp\surefire1487713822088516263 2019-04-04T16-55-39_887-jvmRun1 surefire5445612215831906637tmp surefire_04957239458511674417tmp"/>
    <property name="surefire.test.class.path" value="D:\2019 S1\FIT5171\maven project\assignment1\target\test-classes;D:\2019 S1\FIT5171\maven project\assignment1\target\classes;D:\software\maven\my_maven_local_repository\org\junit\jupiter\junit-jupiter-engine\5.3.2\junit-jupiter-engine-5.3.2.jar;D:\software\maven\my_maven_local_repository\org\apiguardian\apiguardian-api\1.0.0\apiguardian-api-1.0.0.jar;D:\software\maven\my_maven_local_repository\org\junit\platform\junit-platform-engine\1.3.2\junit-platform-engine-1.3.2.jar;D:\software\maven\my_maven_local_repository\org\junit\platform\junit-platform-commons\1.3.2\junit-platform-commons-1.3.2.jar;D:\software\maven\my_maven_local_repository\org\opentest4j\opentest4j\1.1.1\opentest4j-1.1.1.jar;D:\software\maven\my_maven_local_repository\org\junit\jupiter\junit-jupiter-api\5.3.2\junit-jupiter-api-5.3.2.jar;D:\software\maven\my_maven_local_repository\org\junit\jupiter\junit-jupiter-params\5.3.2\junit-jupiter-params-5.3.2.jar;D:\software\maven\my_maven_local_repository\com\google\guava\guava\24.0-jre\guava-24.0-jre.jar;D:\software\maven\my_maven_local_repository\com\google\code\findbugs\jsr305\1.3.9\jsr305-1.3.9.jar;D:\software\maven\my_maven_local_repository\org\checkerframework\checker-compat-qual\2.0.0\checker-compat-qual-2.0.0.jar;D:\software\maven\my_maven_local_repository\com\google\errorprone\error_prone_annotations\2.1.3\error_prone_annotations-2.1.3.jar;D:\software\maven\my_maven_local_repository\com\google\j2objc\j2objc-annotations\1.1\j2objc-annotations-1.1.jar;D:\software\maven\my_maven_local_repository\org\codehaus\mojo\animal-sniffer-annotations\1.14\animal-sniffer-annotations-1.14.jar;D:\software\maven\my_maven_local_repository\org\apache\commons\commons-lang3\3.7\commons-lang3-3.7.jar;D:\software\maven\my_maven_local_repository\org\apache\commons\commons-csv\1.5\commons-csv-1.5.jar;"/>
    <property name="sun.cpu.endian" value="little"/>
    <property name="user.home" value="C:\Users\amaya"/>
    <property name="user.language" value="en"/>
    <property name="java.specification.vendor" value="Oracle Corporation"/>
    <property name="java.home" value="C:\Program Files\Java\jdk1.8.0_201\jre"/>
    <property name="basedir" value="D:\2019 S1\FIT5171\maven project\assignment1"/>
    <property name="file.separator" value="\"/>
    <property name="line.separator" value="&#10;"/>
    <property name="java.vm.specification.vendor" value="Oracle Corporation"/>
    <property name="java.specification.name" value="Java Platform API Specification"/>
    <property name="java.awt.graphicsenv" value="sun.awt.Win32GraphicsEnvironment"/>
    <property name="surefire.real.class.path" value="C:\Users\amaya\AppData\Local\Temp\surefire1487713822088516263\surefirebooter8123078868922429208.jar"/>
    <property name="sun.boot.class.path" value="C:\Program Files\Java\jdk1.8.0_201\jre\lib\resources.jar;C:\Program Files\Java\jdk1.8.0_201\jre\lib\rt.jar;C:\Program Files\Java\jdk1.8.0_201\jre\lib\sunrsasign.jar;C:\Program Files\Java\jdk1.8.0_201\jre\lib\jsse.jar;C:\Program Files\Java\jdk1.8.0_201\jre\lib\jce.jar;C:\Program Files\Java\jdk1.8.0_201\jre\lib\charsets.jar;C:\Program Files\Java\jdk1.8.0_201\jre\lib\jfr.jar;C:\Program Files\Java\jdk1.8.0_201\jre\classes"/>
    <property name="user.script" value=""/>
    <property name="sun.management.compiler" value="HotSpot 64-Bit Tiered Compilers"/>
    <property name="java.runtime.version" value="1.8.0_201-b09"/>
    <property name="user.name" value="amaya"/>
    <property name="path.separator" value=";"/>
    <property name="os.version" value="10.0"/>
    <property name="java.endorsed.dirs" value="C:\Program Files\Java\jdk1.8.0_201\jre\lib\endorsed"/>
    <property name="java.runtime.name" value="Java(TM) SE Runtime Environment"/>
    <property name="file.encoding" value="Cp1252"/>
    <property name="java.vm.name" value="Java HotSpot(TM) 64-Bit Server VM"/>
    <property name="localRepository" value="D:\software\maven\my_maven_local_repository"/>
    <property name="java.vendor.url.bug" value="http://bugreport.sun.com/bugreport/"/>
    <property name="java.io.tmpdir" value="C:\Users\amaya\AppData\Local\Temp\"/>
    <property name="idea.version" value="2018.3.5"/>
    <property name="java.version" value="1.8.0_201"/>
    <property name="user.dir" value="D:\2019 S1\FIT5171\maven project\assignment1"/>
    <property name="os.arch" value="amd64"/>
    <property name="java.vm.specification.name" value="Java Virtual Machine Specification"/>
    <property name="java.awt.printerjob" value="sun.awt.windows.WPrinterJob"/>
    <property name="sun.os.patch.level" value=""/>
    <property name="java.library.path" value="C:\Program Files\Java\jdk1.8.0_201\jre\bin;C:\Windows\Sun\Java\bin;C:\Windows\system32;C:\Windows;C:\Program Files (x86)\Common Files\Oracle\Java\javapath;C:\Windows\system32;C:\Windows;C:\Windows\System32\Wbem;C:\Windows\System32\WindowsPowerShell\v1.0\;C:\Windows\System32\OpenSSH\;D:\software\maven\apache-maven-3.6.0-bin\apache-maven-3.6.0\bin;C:\Program Files (x86)\Brackets\command;C:\Users\amaya\AppData\Local\Microsoft\WindowsApps;C:\Program Files\Bandizip\;."/>
    <property name="java.vm.info" value="mixed mode"/>
    <property name="java.vendor" value="Oracle Corporation"/>
    <property name="java.vm.version" value="25.201-b09"/>
    <property name="java.ext.dirs" value="C:\Program Files\Java\jdk1.8.0_201\jre\lib\ext;C:\Windows\Sun\Java\lib\ext"/>
    <property name="sun.io.unicode.encoding" value="UnicodeLittle"/>
    <property name="java.class.version" value="52.0"/>
  </properties>
  <testcase name="shouldThrowExceptionWhenSetFuelToNull" classname="rockets.model.GunrunnerUnitTest" time="0.024"/>
  <testcase name="shouldThrowexceptionWhenSetUsageToEmptyOrNull{String}[1]" classname="rockets.model.GunrunnerUnitTest" time="0.058"/>
  <testcase name="shouldThrowexceptionWhenSetUsageToEmptyOrNull{String}[2]" classname="rockets.model.GunrunnerUnitTest" time="0.001"/>
  <testcase name="shouldThrowexceptionWhenSetUsageToEmptyOrNull{String}[3]" classname="rockets.model.GunrunnerUnitTest" time="0"/>
</testsuite>